[Tue Dec 15 02:22:23 UTC 2020][INFO] [Action] EE Scroll
[Tue Dec 15 02:22:29 UTC 2020][INFO] [Action] E PreviewBook - 50
[Tue Dec 15 02:22:57 UTC 2020][INFO] [Action] E AddNCX - 12,1,Untitled
[Tue Dec 15 02:22:58 UTC 2020][INFO] [Action] E DeleteNCX - 12
[Tue Dec 15 02:22:59 UTC 2020][INFO] [Action] EE Scroll
[Tue Dec 15 02:23:00 UTC 2020][INFO] [Action] E ItemChanged - 0,2
[Tue Dec 15 02:23:01 UTC 2020][INFO] [Action] E AddNCX - 0,1,Untitled
[Tue Dec 15 02:23:08 UTC 2020][INFO] [Action] E AddNCX - 0,1,Title
[Tue Dec 15 02:23:09 UTC 2020][INFO] [Action] E ItemChanged - 1,6
[Tue Dec 15 02:23:11 UTC 2020][INFO] [Action] E ItemChanged - 2,10
[Tue Dec 15 02:23:11 UTC 2020][INFO] [Action] E ItemChanged - 2,10
[Tue Dec 15 02:23:11 UTC 2020][INFO] [Action] E ItemChanged - 2,10
[Tue Dec 15 02:23:13 UTC 2020][INFO] [Action] E ItemChanged - 1,6
[Tue Dec 15 02:23:13 UTC 2020][INFO] [Action] E ItemChanged - 1,6
[Tue Dec 15 02:23:13 UTC 2020][INFO] [Action] E ItemChanged - 1,6
[Tue Dec 15 02:23:15 UTC 2020][INFO] [Action] E AddNCX - 1,1,Untitled
[Tue Dec 15 02:23:21 UTC 2020][INFO] [Action] E AddNCX - 1,1,Dedication
[Tue Dec 15 02:23:21 UTC 2020][INFO] [Action] E ItemChanged - 2,10
[Tue Dec 15 02:23:23 UTC 2020][INFO] [Action] E AddNCX - 2,1,Untitled
[Tue Dec 15 02:23:30 UTC 2020][INFO] [Action] E AddNCX - 2,1,A Note on the Collection
[Tue Dec 15 02:23:30 UTC 2020][INFO] [Action] E ItemChanged - 3,14
[Tue Dec 15 02:23:31 UTC 2020][INFO] [Action] E ItemChanged - 4,18
[Tue Dec 15 02:23:32 UTC 2020][INFO] [Action] E AddNCX - 4,1,Untitled
[Tue Dec 15 02:23:35 UTC 2020][INFO] [Action] E AddNCX - 4,1,Blue
[Tue Dec 15 02:23:36 UTC 2020][INFO] [Action] E ItemChanged - 5,22
[Tue Dec 15 02:23:36 UTC 2020][INFO] [Action] E ItemChanged - 5,22
[Tue Dec 15 02:23:36 UTC 2020][INFO] [Action] E ItemChanged - 5,22
[Tue Dec 15 02:23:36 UTC 2020][INFO] [Action] EE Scroll
[Tue Dec 15 02:23:37 UTC 2020][INFO] [Action] E AddNCX - 5,1,Untitled
[Tue Dec 15 02:23:41 UTC 2020][INFO] [Action] E AddNCX - 5,1,Refuge
[Tue Dec 15 02:23:42 UTC 2020][INFO] [Action] EE Scroll
[Tue Dec 15 02:23:42 UTC 2020][INFO] [Action] EE Scroll
[Tue Dec 15 02:23:43 UTC 2020][INFO] [Action] EE Scroll
[Tue Dec 15 02:23:43 UTC 2020][INFO] [Action] EE Scroll
[Tue Dec 15 02:23:44 UTC 2020][INFO] [Action] E ItemChanged - 6,26
[Tue Dec 15 02:23:45 UTC 2020][INFO] [Action] E AddNCX - 6,1,Untitled
[Tue Dec 15 02:23:49 UTC 2020][INFO] [Action] E AddNCX - 6,1,Lady in Red
[Tue Dec 15 02:23:49 UTC 2020][INFO] [Action] E ItemChanged - 7,30
[Tue Dec 15 02:23:51 UTC 2020][INFO] [Action] E AddNCX - 7,1,Untitled
[Tue Dec 15 02:23:55 UTC 2020][INFO] [Action] E AddNCX - 7,1,Knowledge
[Tue Dec 15 02:23:55 UTC 2020][INFO] [Action] E ItemChanged - 8,34
[Tue Dec 15 02:23:57 UTC 2020][INFO] [Action] E AddNCX - 8,1,Untitled
[Tue Dec 15 02:24:00 UTC 2020][INFO] [Action] E AddNCX - 8,1,To The Sky
[Tue Dec 15 02:24:00 UTC 2020][INFO] [Action] EE NextPage
[Tue Dec 15 02:24:03 UTC 2020][INFO] [Action] E AddNCX - 9,1,Untitled
[Tue Dec 15 02:24:06 UTC 2020][INFO] [Action] E AddNCX - 9,1,Dwell
[Tue Dec 15 02:24:06 UTC 2020][INFO] [Action] EE PreviousPage
[Tue Dec 15 02:24:07 UTC 2020][INFO] [Action] EE NextPage
[Tue Dec 15 02:24:08 UTC 2020][INFO] [Action] EE PreviousPage
[Tue Dec 15 02:24:08 UTC 2020][INFO] [Action] EE PreviousPage
[Tue Dec 15 02:24:09 UTC 2020][INFO] [Action] EE PreviousPage
[Tue Dec 15 02:24:09 UTC 2020][INFO] [Action] EE PreviousPage
[Tue Dec 15 02:24:09 UTC 2020][INFO] [Action] EE Scroll
[Tue Dec 15 02:24:09 UTC 2020][INFO] [Action] EE PreviousPage
[Tue Dec 15 02:24:09 UTC 2020][INFO] [Action] EE PreviousPage
[Tue Dec 15 02:24:09 UTC 2020][INFO] [Action] EE Scroll
[Tue Dec 15 02:24:10 UTC 2020][INFO] [Action] EE NextPage
[Tue Dec 15 02:24:10 UTC 2020][INFO] [Action] EE NextPage
[Tue Dec 15 02:24:10 UTC 2020][INFO] [Action] EE NextPage
[Tue Dec 15 02:24:10 UTC 2020][INFO] [Action] EE NextPage
[Tue Dec 15 02:24:10 UTC 2020][INFO] [Action] EE NextPage
[Tue Dec 15 02:24:10 UTC 2020][INFO] [Action] EE Scroll
[Tue Dec 15 02:24:11 UTC 2020][INFO] [Action] EE NextPage
[Tue Dec 15 02:24:11 UTC 2020][INFO] [Action] EE NextPage
[Tue Dec 15 02:24:11 UTC 2020][INFO] [Action] EE Scroll
[Tue Dec 15 02:24:11 UTC 2020][INFO] [Action] EE NextPage
[Tue Dec 15 02:24:11 UTC 2020][INFO] [Action] EE Scroll
[Tue Dec 15 02:24:11 UTC 2020][INFO] [Action] EE PreviousPage
[Tue Dec 15 02:24:11 UTC 2020][INFO] [Action] EE PreviousPage
[Tue Dec 15 02:24:12 UTC 2020][INFO] [Action] EE PreviousPage
[Tue Dec 15 02:24:13 UTC 2020][INFO] [Action] EE NextPage
[Tue Dec 15 02:24:13 UTC 2020][INFO] [Action] EE NextPage
[Tue Dec 15 02:24:14 UTC 2020][INFO] [Action] EE PreviousPage
[Tue Dec 15 02:24:14 UTC 2020][INFO] [Action] EE NextPage
[Tue Dec 15 02:24:15 UTC 2020][INFO] [Action] E AddNCX - 10,1,Untitled
[Tue Dec 15 02:24:18 UTC 2020][INFO] [Action] E AddNCX - 10,1,Exhalation
[Tue Dec 15 02:24:18 UTC 2020][INFO] [Action] EE NextPage
[Tue Dec 15 02:24:20 UTC 2020][INFO] [Action] E AddNCX - 11,1,Untitled
[Tue Dec 15 02:24:23 UTC 2020][INFO] [Action] E AddNCX - 11,1,Vulnerability
[Tue Dec 15 02:24:23 UTC 2020][INFO] [Action] EE NextPage
[Tue Dec 15 02:24:23 UTC 2020][INFO] [Action] EE Scroll
[Tue Dec 15 02:24:24 UTC 2020][INFO] [Action] E AddNCX - 12,1,Untitled
[Tue Dec 15 02:24:28 UTC 2020][INFO] [Action] E AddNCX - 12,1,Trapeze
[Tue Dec 15 02:24:28 UTC 2020][INFO] [Action] EE NextPage
[Tue Dec 15 02:24:28 UTC 2020][INFO] [Action] EE Scroll
[Tue Dec 15 02:24:29 UTC 2020][INFO] [Action] EE PreviousPage
[Tue Dec 15 02:24:29 UTC 2020][INFO] [Action] EE NextPage
[Tue Dec 15 02:24:30 UTC 2020][INFO] [Action] E AddNCX - 13,1,Untitled
[Tue Dec 15 02:24:32 UTC 2020][INFO] [Action] E AddNCX - 13,1,Waiting
[Tue Dec 15 02:24:32 UTC 2020][INFO] [Action] EE NextPage
[Tue Dec 15 02:24:32 UTC 2020][INFO] [Action] EE Scroll
[Tue Dec 15 02:24:32 UTC 2020][INFO] [Action] EE NextPage
[Tue Dec 15 02:24:33 UTC 2020][INFO] [Action] EE Scroll
[Tue Dec 15 02:24:33 UTC 2020][INFO] [Action] EE PreviousPage
[Tue Dec 15 02:24:34 UTC 2020][INFO] [Action] E AddNCX - 14,1,Untitled
[Tue Dec 15 02:24:41 UTC 2020][INFO] [Action] E AddNCX - 14,1,Kintusgi
[Tue Dec 15 02:24:41 UTC 2020][INFO] [Action] EE NextPage
[Tue Dec 15 02:24:42 UTC 2020][INFO] [Action] EE NextPage
[Tue Dec 15 02:24:42 UTC 2020][INFO] [Action] EE Scroll
[Tue Dec 15 02:24:42 UTC 2020][INFO] [Action] EE NextPage
[Tue Dec 15 02:24:42 UTC 2020][INFO] [Action] EE Scroll
[Tue Dec 15 02:24:43 UTC 2020][INFO] [Action] E AddNCX - 17,1,Untitled
[Tue Dec 15 02:24:47 UTC 2020][INFO] [Action] E AddNCX - 17,1,A Prayer
[Tue Dec 15 02:24:47 UTC 2020][INFO] [Action] EE NextPage
[Tue Dec 15 02:24:47 UTC 2020][INFO] [Action] EE Scroll
[Tue Dec 15 02:24:47 UTC 2020][INFO] [Action] EE NextPage
[Tue Dec 15 02:24:47 UTC 2020][INFO] [Action] EE Scroll
[Tue Dec 15 02:24:48 UTC 2020][INFO] [Action] E AddNCX - 19,1,Untitled
[Tue Dec 15 02:24:50 UTC 2020][INFO] [Action] E AddNCX - 19,1,Waiting
[Tue Dec 15 02:24:50 UTC 2020][INFO] [Action] EE NextPage
[Tue Dec 15 02:24:51 UTC 2020][INFO] [Action] EE Scroll
[Tue Dec 15 02:24:51 UTC 2020][INFO] [Action] EE PreviousPage
[Tue Dec 15 02:24:52 UTC 2020][INFO] [Action] EE NextPage
[Tue Dec 15 02:24:52 UTC 2020][INFO] [Action] E AddNCX - 20,1,Untitled
[Tue Dec 15 02:24:56 UTC 2020][INFO] [Action] E AddNCX - 20,1,Possibilities
[Tue Dec 15 02:24:56 UTC 2020][INFO] [Action] E DeleteNCX - 20
[Tue Dec 15 02:24:57 UTC 2020][INFO] [Action] E AddNCX - 20,1,Untitled
[Tue Dec 15 02:25:05 UTC 2020][INFO] [Action] E AddNCX - 20,1,Possibilities
[Tue Dec 15 02:25:05 UTC 2020][INFO] [Action] EE NextPage
[Tue Dec 15 02:25:05 UTC 2020][INFO] [Action] EE Scroll
[Tue Dec 15 02:25:06 UTC 2020][INFO] [Action] EE NextPage
[Tue Dec 15 02:25:06 UTC 2020][INFO] [Action] EE Scroll
[Tue Dec 15 02:25:07 UTC 2020][INFO] [Action] E AddNCX - 22,1,Untitled
[Tue Dec 15 02:25:11 UTC 2020][INFO] [Action] E AddNCX - 22,1,27 Years
[Tue Dec 15 02:25:11 UTC 2020][INFO] [Action] E DeleteNCX - 22
[Tue Dec 15 02:25:12 UTC 2020][INFO] [Action] E AddNCX - 22,1,Untitled
[Tue Dec 15 02:25:15 UTC 2020][INFO] [Action] E AddNCX - 22,1,27 Years
[Tue Dec 15 02:25:15 UTC 2020][INFO] [Action] EE NextPage
[Tue Dec 15 02:25:15 UTC 2020][INFO] [Action] EE Scroll
[Tue Dec 15 02:25:15 UTC 2020][INFO] [Action] EE NextPage
[Tue Dec 15 02:25:15 UTC 2020][INFO] [Action] EE NextPage
[Tue Dec 15 02:25:16 UTC 2020][INFO] [Action] EE Scroll
[Tue Dec 15 02:25:16 UTC 2020][INFO] [Action] EE PreviousPage
[Tue Dec 15 02:25:17 UTC 2020][INFO] [Action] E AddNCX - 24,1,Untitled
[Tue Dec 15 02:25:22 UTC 2020][INFO] [Action] E AddNCX - 24,1,Ingredients
[Tue Dec 15 02:25:22 UTC 2020][INFO] [Action] EE NextPage
[Tue Dec 15 02:25:23 UTC 2020][INFO] [Action] E AddNCX - 25,1,Untitled
[Tue Dec 15 02:25:26 UTC 2020][INFO] [Action] E AddNCX - 25,1,My Light
[Tue Dec 15 02:25:26 UTC 2020][INFO] [Action] EE NextPage
[Tue Dec 15 02:25:26 UTC 2020][INFO] [Action] EE Scroll
[Tue Dec 15 02:25:26 UTC 2020][INFO] [Action] EE NextPage
[Tue Dec 15 02:25:26 UTC 2020][INFO] [Action] EE Scroll
[Tue Dec 15 02:25:27 UTC 2020][INFO] [Action] E AddNCX - 27,1,Untitled
[Tue Dec 15 02:25:34 UTC 2020][INFO] [Action] E AddNCX - 27,1,While the World Sleeps
[Tue Dec 15 02:25:34 UTC 2020][INFO] [Action] EE NextPage
[Tue Dec 15 02:25:34 UTC 2020][INFO] [Action] EE Scroll
[Tue Dec 15 02:25:35 UTC 2020][INFO] [Action] EE NextPage
[Tue Dec 15 02:25:35 UTC 2020][INFO] [Action] EE Scroll
[Tue Dec 15 02:25:35 UTC 2020][INFO] [Action] E AddNCX - 29,1,Untitled
[Tue Dec 15 02:25:39 UTC 2020][INFO] [Action] E AddNCX - 29,1,Papa
[Tue Dec 15 02:25:39 UTC 2020][INFO] [Action] EE NextPage
[Tue Dec 15 02:25:39 UTC 2020][INFO] [Action] EE Scroll
[Tue Dec 15 02:25:40 UTC 2020][INFO] [Action] E AddNCX - 30,1,Untitled
[Tue Dec 15 02:25:43 UTC 2020][INFO] [Action] E AddNCX - 30,1,Evanescent
[Tue Dec 15 02:25:43 UTC 2020][INFO] [Action] EE NextPage
[Tue Dec 15 02:25:43 UTC 2020][INFO] [Action] EE NextPage
[Tue Dec 15 02:25:43 UTC 2020][INFO] [Action] EFail NextPage - 4
[Tue Dec 15 02:25:43 UTC 2020][INFO] [Action] EE Scroll
[Tue Dec 15 02:25:43 UTC 2020][INFO] [Action] EE NextPage
[Tue Dec 15 02:25:43 UTC 2020][INFO] [Action] EFail NextPage - 4
[Tue Dec 15 02:25:43 UTC 2020][INFO] [Action] EE NextPage
[Tue Dec 15 02:25:43 UTC 2020][INFO] [Action] EFail NextPage - 4
[Tue Dec 15 02:25:43 UTC 2020][INFO] [Action] EE NextPage
[Tue Dec 15 02:25:43 UTC 2020][INFO] [Action] EFail NextPage - 4
[Tue Dec 15 02:25:44 UTC 2020][INFO] [Action] EE NextPage
[Tue Dec 15 02:25:44 UTC 2020][INFO] [Action] EFail NextPage - 4
[Tue Dec 15 02:25:44 UTC 2020][INFO] [Action] EE PreviousPage
[Tue Dec 15 02:25:44 UTC 2020][INFO] [Action] EE NextPage
[Tue Dec 15 02:25:45 UTC 2020][INFO] [Action] E SaveBook - Save
[Tue Dec 15 02:25:46 UTC 2020][INFO] [Action] E SaveBook - Save
[Tue Dec 15 02:25:48 UTC 2020][INFO] [Action] E PreviewBook - 126
[Tue Dec 15 02:26:13 UTC 2020][INFO] [Action] E SaveBook - Save
[Tue Dec 15 02:29:49 UTC 2020][INFO] [Action] EE PackageWorkspace
[Tue Dec 15 02:29:53 UTC 2020][INFO] [Action] E ItemChanged - 30,122
[Tue Dec 15 02:29:55 UTC 2020][INFO] [Action] E ItemChanged - 30,122
[Tue Dec 15 02:29:56 UTC 2020][INFO] [Action] E ItemChanged - 30,122
[Tue Dec 15 02:35:00 UTC 2020][INFO] [Action] E SaveBook - Save
[Tue Dec 15 02:35:03 UTC 2020][INFO] [Action] E PreviewBook - 122
[Tue Dec 15 02:35:06 UTC 2020][INFO] [Action] E SaveBook - Save
[Tue Dec 15 02:35:43 UTC 2020][INFO] [Action] EE PackageWorkspace
[Tue Dec 15 02:35:46 UTC 2020][INFO] [Action] EE TogglePageManager
[Tue Dec 15 02:35:46 UTC 2020][INFO] [Action] EE TogglePageManager
[Tue Dec 15 02:35:49 UTC 2020][INFO] [Action] E SaveBook - Save
[Tue Dec 15 02:35:51 UTC 2020][INFO] [Action] E SaveBook - Save
[Tue Dec 15 02:35:51 UTC 2020][INFO] Logger Terminated
[Tue Dec 15 02:36:11 UTC 2020][INFO] [Action] EE OpenBook - Seeds_KC.kcb
[Tue Dec 15 02:36:32 UTC 2020][INFO] [Action] E ItemChanged - 1,6
[Tue Dec 15 02:36:33 UTC 2020][INFO] [Action] E ItemChanged - 2,10
[Tue Dec 15 02:36:35 UTC 2020][INFO] [Action] E ItemChanged - 3,14
[Tue Dec 15 02:36:36 UTC 2020][INFO] [Action] EE Scroll
[Tue Dec 15 02:36:36 UTC 2020][INFO] [Action] EE Scroll
[Tue Dec 15 02:36:36 UTC 2020][INFO] [Action] EE Scroll
[Tue Dec 15 02:36:38 UTC 2020][INFO] [Action] EE Scroll
[Tue Dec 15 02:36:38 UTC 2020][INFO] [Action] EE Scroll
[Tue Dec 15 02:36:38 UTC 2020][INFO] [Action] EE Scroll
[Tue Dec 15 02:36:41 UTC 2020][INFO] [Action] E ItemChanged - 2,10
[Tue Dec 15 02:36:41 UTC 2020][INFO] [Action] E ItemChanged - 3,14
[Tue Dec 15 02:42:14 UTC 2020][INFO] [Action] EE PreviousPage
[Tue Dec 15 02:42:14 UTC 2020][INFO] [Action] EE PreviousPage
[Tue Dec 15 02:42:14 UTC 2020][INFO] [Action] EE PreviousPage
[Tue Dec 15 02:42:14 UTC 2020][INFO] [Action] EE PreviousPage
[Tue Dec 15 02:42:14 UTC 2020][INFO] [Action] EFail PreviousPage - 4
[Tue Dec 15 02:42:14 UTC 2020][INFO] [Action] EE PreviousPage
[Tue Dec 15 02:42:14 UTC 2020][INFO] [Action] EFail PreviousPage - 4
[Tue Dec 15 02:42:14 UTC 2020][INFO] [Action] EE PreviousPage
[Tue Dec 15 02:42:14 UTC 2020][INFO] [Action] EFail PreviousPage - 4
[Tue Dec 15 02:42:14 UTC 2020][INFO] [Action] EE PreviousPage
[Tue Dec 15 02:42:14 UTC 2020][INFO] [Action] EFail PreviousPage - 4
[Tue Dec 15 02:42:14 UTC 2020][INFO] [Action] EE PreviousPage
[Tue Dec 15 02:42:14 UTC 2020][INFO] [Action] EFail PreviousPage - 4
[Tue Dec 15 02:42:14 UTC 2020][INFO] [Action] EE PreviousPage
[Tue Dec 15 02:42:14 UTC 2020][INFO] [Action] EFail PreviousPage - 4
[Tue Dec 15 02:42:14 UTC 2020][INFO] [Action] EE PreviousPage
[Tue Dec 15 02:42:14 UTC 2020][INFO] [Action] EFail PreviousPage - 4
[Tue Dec 15 02:42:14 UTC 2020][INFO] [Action] EE PreviousPage
[Tue Dec 15 02:42:14 UTC 2020][INFO] [Action] EFail PreviousPage - 4
[Tue Dec 15 02:42:15 UTC 2020][INFO] [Action] EE NextPage
[Tue Dec 15 02:42:15 UTC 2020][INFO] [Action] EE NextPage
[Tue Dec 15 02:42:16 UTC 2020][INFO] [Action] EE NextPage
[Tue Dec 15 02:42:17 UTC 2020][INFO] [Action] EE PreviousPage
[Tue Dec 15 02:54:29 UTC 2020][INFO] [Action] E SaveBook - Save
[Tue Dec 15 02:54:29 UTC 2020][INFO] Logger Terminated
